{"total": {"lines":{"total":27,"covered":27,"skipped":0,"pct":100},"statements":{"total":31,"covered":31,"skipped":0,"pct":100},"functions":{"total":6,"covered":6,"skipped":0,"pct":100},"branches":{"total":12,"covered":8,"skipped":0,"pct":66.66},"branchesTrue":{"total":0,"covered":0,"skipped":0,"pct":"Unknown"}}
,"/home/bruno/Documentos/Projetos/Projeto-lessons-learned/sd-026-a-project-shopping-cart/helpers/fetchItem.js": {"lines":{"total":10,"covered":10,"skipped":0,"pct":100},"functions":{"total":2,"covered":2,"skipped":0,"pct":100},"statements":{"total":11,"covered":11,"skipped":0,"pct":100},"branches":{"total":4,"covered":3,"skipped":0,"pct":75}}
,"/home/bruno/Documentos/Projetos/Projeto-lessons-learned/sd-026-a-project-shopping-cart/helpers/fetchProducts.js": {"lines":{"total":11,"covered":11,"skipped":0,"pct":100},"functions":{"total":2,"covered":2,"skipped":0,"pct":100},"statements":{"total":12,"covered":12,"skipped":0,"pct":100},"branches":{"total":4,"covered":3,"skipped":0,"pct":75}}
,"/home/bruno/Documentos/Projetos/Projeto-lessons-learned/sd-026-a-project-shopping-cart/helpers/getSavedCartItems.js": {"lines":{"total":3,"covered":3,"skipped":0,"pct":100},"functions":{"total":1,"covered":1,"skipped":0,"pct":100},"statements":{"total":4,"covered":4,"skipped":0,"pct":100},"branches":{"total":2,"covered":1,"skipped":0,"pct":50}}
,"/home/bruno/Documentos/Projetos/Projeto-lessons-learned/sd-026-a-project-shopping-cart/helpers/saveCartItems.js": {"lines":{"total":3,"covered":3,"skipped":0,"pct":100},"functions":{"total":1,"covered":1,"skipped":0,"pct":100},"statements":{"total":4,"covered":4,"skipped":0,"pct":100},"branches":{"total":2,"covered":1,"skipped":0,"pct":50}}
}
